#
# A fatal error has been detected by the Java Runtime Environment:
#
#  EXCEPTION_ACCESS_VIOLATION (0xc0000005) at pc=0x0000000180005b00, pid=11576, tid=0x000000000000295c
#
# JRE version: Java(TM) SE Runtime Environment (8.0_261-b12) (build 1.8.0_261-b12)
# Java VM: Java HotSpot(TM) 64-Bit Server VM (25.261-b12 mixed mode windows-amd64 compressed oops)
# Problematic frame:
# C  [rxtxSerial.dll+0x5b00]
#
# Failed to write core dump. Minidumps are not enabled by default on client versions of Windows
#
# If you would like to submit a bug report, please visit:
#   http://bugreport.java.com/bugreport/crash.jsp
# The crash happened outside the Java Virtual Machine in native code.
# See problematic frame for where to report the bug.
#

---------------  T H R E A D  ---------------

Current thread (0x000001e576a17000):  JavaThread "Thread-3" [_thread_in_native, id=10588, stack(0x0000009f16e00000,0x0000009f16f00000)]

siginfo: ExceptionCode=0xc0000005, reading address 0x0000000016efecf8

Registers:
RAX=0x0000000000000001, RBX=0x0000000000000000, RCX=0x000000018001d4d5, RDX=0xfffffffffffff665
RSP=0x0000009f16efe280, RBP=0x00000000ffffffff, RSI=0x0000000000000000, RDI=0x000001e576a171f8
R8 =0x0000000000000002, R9 =0xfffffffffffff63c, R10=0x00000000000005c8, R11=0x8101010101010100
R12=0x0000000016efecf0, R13=0x0000000000000001, R14=0x0000009f16efe418, R15=0x0000000000000000
RIP=0x0000000180005b00, EFLAGS=0x0000000000010202

Top of Stack: (sp=0x0000009f16efe280)
0x0000009f16efe280:   0000000000000000 0000000016efecf0
0x0000009f16efe290:   0000000000000000 0000000000000000
0x0000009f16efe2a0:   000001e576a17000 0000009f16efe418
0x0000009f16efe2b0:   000001e57c95c6f8 0000009f16efe418
0x0000009f16efe2c0:   ffffffffffffffff 0000000000000001
0x0000009f16efe2d0:   000001e57bda8928 0000000180005f3f
0x0000009f16efe2e0:   000001e576a171f8 000001e57bda8928
0x0000009f16efe2f0:   0000000000000001 0000009f16efe310
0x0000009f16efe300:   0000009f00000001 00000000ffffffff
0x0000009f16efe310:   000001e57c95c700 0000009f16efe418
0x0000009f16efe320:   000001e57c95c700 000001e576a17000
0x0000009f16efe330:   000001e57c95c700 000001e576a17000
0x0000009f16efe340:   0000000000000004 0000000000000002
0x0000009f16efe350:   000001e57c95c700 000001e564039766
0x0000009f16efe360:   0000479f167f6430 000001e57c95c700
0x0000009f16efe370:   0000000000000000 0000000000000004 

Instructions: (pc=0x0000000180005b00)
0x0000000180005ae0:   15 23 7a 01 00 48 8d 48 60 e8 3a 5d 00 00 4c 8b
0x0000000180005af0:   e5 8b ac 24 88 00 00 00 44 8b ac 24 80 00 00 00
0x0000000180005b00:   45 8b 74 24 08 41 89 5c 24 08 41 8b fd 85 ed 78
0x0000000180005b10:   09 ff 15 e9 14 01 00 44 8b f8 45 85 ed 7e 4a 90 


Register to memory mapping:

RAX=0x0000000000000001 is an unknown value
RBX=0x0000000000000000 is an unknown value
RCX=0x000000018001d4d5 is an unknown value
RDX=0xfffffffffffff665 is an unknown value
RSP=0x0000009f16efe280 is pointing into the stack for thread: 0x000001e576a17000
RBP=0x00000000ffffffff is an unknown value
RSI=0x0000000000000000 is an unknown value
RDI=0x000001e576a171f8 is an unknown value
R8 =0x0000000000000002 is an unknown value
R9 =0xfffffffffffff63c is an unknown value
R10=0x00000000000005c8 is an unknown value
R11=0x8101010101010100 is an unknown value
R12=0x0000000016efecf0 is an unknown value
R13=0x0000000000000001 is an unknown value
R14=0x0000009f16efe418 is pointing into the stack for thread: 0x000001e576a17000
R15=0x0000000000000000 is an unknown value


Stack: [0x0000009f16e00000,0x0000009f16f00000],  sp=0x0000009f16efe280,  free space=1016k
Native frames: (J=compiled Java code, j=interpreted, Vv=VM code, C=native code)
C  [rxtxSerial.dll+0x5b00]
C  [rxtxSerial.dll+0x5f3f]
C  0x000001e56403990e

Java frames: (J=compiled Java code, j=interpreted, Vv=VM code)
j  gnu.io.RXTXPort.readByte()I+0
j  gnu.io.RXTXPort$SerialInputStream.read()I+81
j  panamahitek.Arduino.PanamaHitek_Arduino.receiveData()I+74
j  panamahitek.Arduino.PanamaHitek_Arduino.serialRead()V+8
j  panamahitek.Arduino.PanamaHitek_Arduino.printMessage()Ljava/lang/String;+11
j  ec.edu.intsuperior.vista.House$1.serialEvent(Lgnu/io/SerialPortEvent;)V+15
j  gnu.io.RXTXPort.sendEvent(IZ)Z+382
v  ~StubRoutines::call_stub
j  gnu.io.RXTXPort.eventLoop()V+0
j  gnu.io.RXTXPort$MonitorThread.run()V+12
v  ~StubRoutines::call_stub

---------------  P R O C E S S  ---------------

Java Threads: ( => current thread )
=>0x000001e576a17000 JavaThread "Thread-3" [_thread_in_native, id=10588, stack(0x0000009f16e00000,0x0000009f16f00000)]
  0x000001e576a14000 JavaThread "Thread-2" [_thread_in_Java, id=4616, stack(0x0000009f17000000,0x0000009f17100000)]
  0x000001e57bd60800 JavaThread "TimerQueue" daemon [_thread_blocked, id=7128, stack(0x0000009f16b00000,0x0000009f16c00000)]
  0x000001e57bd40800 JavaThread "D3D Screen Updater" daemon [_thread_blocked, id=4532, stack(0x0000009f16a00000,0x0000009f16b00000)]
  0x000001e5627b0800 JavaThread "DestroyJavaVM" [_thread_blocked, id=8484, stack(0x0000009f15000000,0x0000009f15100000)]
  0x000001e57bb9c000 JavaThread "AWT-EventQueue-0" [_thread_blocked, id=6860, stack(0x0000009f16800000,0x0000009f16900000)]
  0x000001e57bada800 JavaThread "Abandoned connection cleanup thread" daemon [_thread_blocked, id=7376, stack(0x0000009f16700000,0x0000009f16800000)]
  0x000001e57baac800 JavaThread "mysql-cj-abandoned-connection-cleanup" daemon [_thread_blocked, id=11660, stack(0x0000009f16600000,0x0000009f16700000)]
  0x000001e576c6c800 JavaThread "AWT-Windows" daemon [_thread_in_native, id=8736, stack(0x0000009f15f00000,0x0000009f16000000)]
  0x000001e576c66800 JavaThread "AWT-Shutdown" [_thread_blocked, id=4476, stack(0x0000009f15e00000,0x0000009f15f00000)]
  0x000001e576c62800 JavaThread "Java2D Disposer" daemon [_thread_blocked, id=9840, stack(0x0000009f15d00000,0x0000009f15e00000)]
  0x000001e57620e000 JavaThread "Service Thread" daemon [_thread_blocked, id=10960, stack(0x0000009f15b00000,0x0000009f15c00000)]
  0x000001e5761a8800 JavaThread "C1 CompilerThread1" daemon [_thread_blocked, id=4160, stack(0x0000009f15a00000,0x0000009f15b00000)]
  0x000001e5761a3000 JavaThread "C2 CompilerThread0" daemon [_thread_blocked, id=6308, stack(0x0000009f15900000,0x0000009f15a00000)]
  0x000001e5761a0000 JavaThread "Attach Listener" daemon [_thread_blocked, id=10404, stack(0x0000009f15800000,0x0000009f15900000)]
  0x000001e57619d800 JavaThread "Signal Dispatcher" daemon [_thread_blocked, id=12156, stack(0x0000009f15700000,0x0000009f15800000)]
  0x000001e575cae800 JavaThread "Finalizer" daemon [_thread_blocked, id=4920, stack(0x0000009f15600000,0x0000009f15700000)]
  0x000001e576184000 JavaThread "Reference Handler" daemon [_thread_blocked, id=9740, stack(0x0000009f15500000,0x0000009f15600000)]

Other Threads:
  0x000001e576162000 VMThread [stack: 0x0000009f15400000,0x0000009f15500000] [id=11132]
  0x000001e576213000 WatcherThread [stack: 0x0000009f15c00000,0x0000009f15d00000] [id=10396]

VM state:not at safepoint (normal execution)

VM Mutex/Monitor currently owned by a thread: None

heap address: 0x00000000c9e00000, size: 866 MB, Compressed Oops mode: 32-bit
Narrow klass base: 0x0000000000000000, Narrow klass shift: 3
Compressed class space size: 1073741824 Address: 0x0000000100000000

Heap:
 PSYoungGen      total 214528K, used 103472K [0x00000000edf80000, 0x0000000100000000, 0x0000000100000000)
  eden space 214016K, 48% used [0x00000000edf80000,0x00000000f44842c8,0x00000000fb080000)
  from space 512K, 6% used [0x00000000fff80000,0x00000000fff88000,0x0000000100000000)
  to   space 512K, 0% used [0x00000000fff00000,0x00000000fff00000,0x00000000fff80000)
 ParOldGen       total 38400K, used 10039K [0x00000000c9e00000, 0x00000000cc380000, 0x00000000edf80000)
  object space 38400K, 26% used [0x00000000c9e00000,0x00000000ca7cdc48,0x00000000cc380000)
 Metaspace       used 15032K, capacity 15310K, committed 15488K, reserved 1062912K
  class space    used 1726K, capacity 1811K, committed 1920K, reserved 1048576K

Card table byte_map: [0x000001e5733e0000,0x000001e5735a0000] byte_map_base: 0x000001e572d91000

Marking Bits: (ParMarkBitMap*) 0x000000006de84fb0
 Begin Bits: [0x000001e5736d0000, 0x000001e574458000)
 End Bits:   [0x000001e574458000, 0x000001e5751e0000)

Polling page: 0x000001e562740000

CodeCache: size=245760Kb used=4974Kb max_used=4974Kb free=240785Kb
 bounds [0x000001e564020000, 0x000001e564510000, 0x000001e573020000]
 total_blobs=2105 nmethods=1545 adapters=473
 compilation: enabled

Compilation events (10 events):
Event: 95.873 Thread 0x000001e5761a8800 1700       3       java.util.IdentityHashMap$KeySet::iterator (13 bytes)
Event: 95.874 Thread 0x000001e5761a8800 nmethod 1700 0x000001e5644f7050 code [0x000001e5644f71e0, 0x000001e5644f7510]
Event: 95.874 Thread 0x000001e5761a8800 1701       3       java.util.IdentityHashMap$KeyIterator::<init> (6 bytes)
Event: 95.874 Thread 0x000001e5761a8800 nmethod 1701 0x000001e5644ff910 code [0x000001e5644ffa80, 0x000001e5644ffcf0]
Event: 97.877 Thread 0x000001e5761a8800 1702       1       javax.swing.JComponent::alwaysOnTop (2 bytes)
Event: 97.878 Thread 0x000001e5761a8800 nmethod 1702 0x000001e5644f6d10 code [0x000001e5644f6e60, 0x000001e5644f6f78]
Event: 97.879 Thread 0x000001e5761a8800 1703       1       sun.awt.windows.WToolkit::needUpdateWindow (2 bytes)
Event: 97.879 Thread 0x000001e5761a8800 nmethod 1703 0x000001e5644ffe10 code [0x000001e5644fff60, 0x000001e564500078]
Event: 97.986 Thread 0x000001e5761a8800 1704       3       sun.java2d.d3d.D3DRenderQueue::flushBuffer (46 bytes)
Event: 97.986 Thread 0x000001e5761a8800 nmethod 1704 0x000001e5645000d0 code [0x000001e564500260, 0x000001e564500800]

GC Heap History (10 events):
Event: 98.154 GC heap before
{Heap before GC invocations=664 (full 0):
 PSYoungGen      total 215552K, used 215072K [0x00000000edf80000, 0x0000000100000000, 0x0000000100000000)
  eden space 215040K, 100% used [0x00000000edf80000,0x00000000fb180000,0x00000000fb180000)
  from space 512K, 6% used [0x00000000fff00000,0x00000000fff08000,0x00000000fff80000)
  to   space 512K, 0% used [0x00000000fff80000,0x00000000fff80000,0x0000000100000000)
 ParOldGen       total 38400K, used 10031K [0x00000000c9e00000, 0x00000000cc380000, 0x00000000edf80000)
  object space 38400K, 26% used [0x00000000c9e00000,0x00000000ca7cbc48,0x00000000cc380000)
 Metaspace       used 15029K, capacity 15310K, committed 15488K, reserved 1062912K
  class space    used 1726K, capacity 1811K, committed 1920K, reserved 1048576K
Event: 98.155 GC heap after
Heap after GC invocations=664 (full 0):
 PSYoungGen      total 258560K, used 32K [0x00000000edf80000, 0x0000000100000000, 0x0000000100000000)
  eden space 258048K, 0% used [0x00000000edf80000,0x00000000edf80000,0x00000000fdb80000)
  from space 512K, 6% used [0x00000000fff80000,0x00000000fff88000,0x0000000100000000)
  to   space 512K, 0% used [0x00000000fff00000,0x00000000fff00000,0x00000000fff80000)
 ParOldGen       total 38400K, used 10039K [0x00000000c9e00000, 0x00000000cc380000, 0x00000000edf80000)
  object space 38400K, 26% used [0x00000000c9e00000,0x00000000ca7cdc48,0x00000000cc380000)
 Metaspace       used 15029K, capacity 15310K, committed 15488K, reserved 1062912K
  class space    used 1726K, capacity 1811K, committed 1920K, reserved 1048576K
}
Event: 98.289 GC heap before
{Heap before GC invocations=665 (full 0):
 PSYoungGen      total 258560K, used 258080K [0x00000000edf80000, 0x0000000100000000, 0x0000000100000000)
  eden space 258048K, 100% used [0x00000000edf80000,0x00000000fdb80000,0x00000000fdb80000)
  from space 512K, 6% used [0x00000000fff80000,0x00000000fff88000,0x0000000100000000)
  to   space 512K, 0% used [0x00000000fff00000,0x00000000fff00000,0x00000000fff80000)
 ParOldGen       total 38400K, used 10039K [0x00000000c9e00000, 0x00000000cc380000, 0x00000000edf80000)
  object space 38400K, 26% used [0x00000000c9e00000,0x00000000ca7cdc48,0x00000000cc380000)
 Metaspace       used 15029K, capacity 15310K, committed 15488K, reserved 1062912K
  class space    used 1726K, capacity 1811K, committed 1920K, reserved 1048576K
Event: 98.291 GC heap after
Heap after GC invocations=665 (full 0):
 PSYoungGen      total 246784K, used 64K [0x00000000edf80000, 0x0000000100000000, 0x0000000100000000)
  eden space 246272K, 0% used [0x00000000edf80000,0x00000000edf80000,0x00000000fd000000)
  from space 512K, 12% used [0x00000000fff00000,0x00000000fff10000,0x00000000fff80000)
  to   space 512K, 0% used [0x00000000fff80000,0x00000000fff80000,0x0000000100000000)
 ParOldGen       total 38400K, used 10039K [0x00000000c9e00000, 0x00000000cc380000, 0x00000000edf80000)
  object space 38400K, 26% used [0x00000000c9e00000,0x00000000ca7cdc48,0x00000000cc380000)
 Metaspace       used 15029K, capacity 15310K, committed 15488K, reserved 1062912K
  class space    used 1726K, capacity 1811K, committed 1920K, reserved 1048576K
}
Event: 98.416 GC heap before
{Heap before GC invocations=666 (full 0):
 PSYoungGen      total 246784K, used 246336K [0x00000000edf80000, 0x0000000100000000, 0x0000000100000000)
  eden space 246272K, 100% used [0x00000000edf80000,0x00000000fd000000,0x00000000fd000000)
  from space 512K, 12% used [0x00000000fff00000,0x00000000fff10000,0x00000000fff80000)
  to   space 512K, 0% used [0x00000000fff80000,0x00000000fff80000,0x0000000100000000)
 ParOldGen       total 38400K, used 10039K [0x00000000c9e00000, 0x00000000cc380000, 0x00000000edf80000)
  object space 38400K, 26% used [0x00000000c9e00000,0x00000000ca7cdc48,0x00000000cc380000)
 Metaspace       used 15029K, capacity 15310K, committed 15488K, reserved 1062912K
  class space    used 1726K, capacity 1811K, committed 1920K, reserved 1048576K
Event: 98.417 GC heap after
Heap after GC invocations=666 (full 0):
 PSYoungGen      total 235520K, used 32K [0x00000000edf80000, 0x0000000100000000, 0x0000000100000000)
  eden space 235008K, 0% used [0x00000000edf80000,0x00000000edf80000,0x00000000fc500000)
  from space 512K, 6% used [0x00000000fff80000,0x00000000fff88000,0x0000000100000000)
  to   space 512K, 0% used [0x00000000fff00000,0x00000000fff00000,0x00000000fff80000)
 ParOldGen       total 38400K, used 10039K [0x00000000c9e00000, 0x00000000cc380000, 0x00000000edf80000)
  object space 38400K, 26% used [0x00000000c9e00000,0x00000000ca7cdc48,0x00000000cc380000)
 Metaspace       used 15029K, capacity 15310K, committed 15488K, reserved 1062912K
  class space    used 1726K, capacity 1811K, committed 1920K, reserved 1048576K
}
Event: 98.538 GC heap before
{Heap before GC invocations=667 (full 0):
 PSYoungGen      total 235520K, used 235040K [0x00000000edf80000, 0x0000000100000000, 0x0000000100000000)
  eden space 235008K, 100% used [0x00000000edf80000,0x00000000fc500000,0x00000000fc500000)
  from space 512K, 6% used [0x00000000fff80000,0x00000000fff88000,0x0000000100000000)
  to   space 512K, 0% used [0x00000000fff00000,0x00000000fff00000,0x00000000fff80000)
 ParOldGen       total 38400K, used 10039K [0x00000000c9e00000, 0x00000000cc380000, 0x00000000edf80000)
  object space 38400K, 26% used [0x00000000c9e00000,0x00000000ca7cdc48,0x00000000cc380000)
 Metaspace       used 15029K, capacity 15310K, committed 15488K, reserved 1062912K
  class space    used 1726K, capacity 1811K, committed 1920K, reserved 1048576K
Event: 98.539 GC heap after
Heap after GC invocations=667 (full 0):
 PSYoungGen      total 224768K, used 64K [0x00000000edf80000, 0x0000000100000000, 0x0000000100000000)
  eden space 224256K, 0% used [0x00000000edf80000,0x00000000edf80000,0x00000000fba80000)
  from space 512K, 12% used [0x00000000fff00000,0x00000000fff10000,0x00000000fff80000)
  to   space 512K, 0% used [0x00000000fff80000,0x00000000fff80000,0x0000000100000000)
 ParOldGen       total 38400K, used 10039K [0x00000000c9e00000, 0x00000000cc380000, 0x00000000edf80000)
  object space 38400K, 26% used [0x00000000c9e00000,0x00000000ca7cdc48,0x00000000cc380000)
 Metaspace       used 15029K, capacity 15310K, committed 15488K, reserved 1062912K
  class space    used 1726K, capacity 1811K, committed 1920K, reserved 1048576K
}
Event: 98.652 GC heap before
{Heap before GC invocations=668 (full 0):
 PSYoungGen      total 224768K, used 224320K [0x00000000edf80000, 0x0000000100000000, 0x0000000100000000)
  eden space 224256K, 100% used [0x00000000edf80000,0x00000000fba80000,0x00000000fba80000)
  from space 512K, 12% used [0x00000000fff00000,0x00000000fff10000,0x00000000fff80000)
  to   space 512K, 0% used [0x00000000fff80000,0x00000000fff80000,0x0000000100000000)
 ParOldGen       total 38400K, used 10039K [0x00000000c9e00000, 0x00000000cc380000, 0x00000000edf80000)
  object space 38400K, 26% used [0x00000000c9e00000,0x00000000ca7cdc48,0x00000000cc380000)
 Metaspace       used 15029K, capacity 15310K, committed 15488K, reserved 1062912K
  class space    used 1726K, capacity 1811K, committed 1920K, reserved 1048576K
Event: 98.654 GC heap after
Heap after GC invocations=668 (full 0):
 PSYoungGen      total 214528K, used 32K [0x00000000edf80000, 0x0000000100000000, 0x0000000100000000)
  eden space 214016K, 0% used [0x00000000edf80000,0x00000000edf80000,0x00000000fb080000)
  from space 512K, 6% used [0x00000000fff80000,0x00000000fff88000,0x0000000100000000)
  to   space 512K, 0% used [0x00000000fff00000,0x00000000fff00000,0x00000000fff80000)
 ParOldGen       total 38400K, used 10039K [0x00000000c9e00000, 0x00000000cc380000, 0x00000000edf80000)
  object space 38400K, 26% used [0x00000000c9e00000,0x00000000ca7cdc48,0x00000000cc380000)
 Metaspace       used 15029K, capacity 15310K, committed 15488K, reserved 1062912K
  class space    used 1726K, capacity 1811K, committed 1920K, reserved 1048576K
}

Deoptimization events (10 events):
Event: 29.068 Thread 0x000001e57bb9c000 Uncommon trap: reason=unstable_if action=reinterpret pc=0x000001e5643fe4e4 method=java.awt.Component.firePropertyChange(Ljava/lang/String;Ljava/lang/Object;Ljava/lang/Object;)V @ 38
Event: 33.585 Thread 0x000001e576a18000 Uncommon trap: reason=unstable_if action=reinterpret pc=0x000001e5643fef50 method=javax.swing.JLabel.setText(Ljava/lang/String;)V @ 95
Event: 34.500 Thread 0x000001e576a1a000 Uncommon trap: reason=unstable_if action=reinterpret pc=0x000001e564400ecc method=java.util.GregorianCalendar.getWeekNumber(JJ)I @ 48
Event: 34.500 Thread 0x000001e576a1a000 Uncommon trap: reason=unstable_if action=reinterpret pc=0x000001e5643fd764 method=sun.util.calendar.BaseCalendar.getFixedDate(IIILsun/util/calendar/BaseCalendar$Date;)J @ 2
Event: 34.500 Thread 0x000001e576a1a000 Uncommon trap: reason=predicate action=maybe_recompile pc=0x000001e5643f9794 method=sun.util.calendar.ZoneInfo.getTransitionIndex(JI)I @ 19
Event: 34.500 Thread 0x000001e576a1a000 Uncommon trap: reason=unstable_if action=reinterpret pc=0x000001e5643fbe9c method=sun.util.calendar.BaseCalendar$Date.hit(J)Z @ 6
Event: 34.500 Thread 0x000001e576a1a000 Uncommon trap: reason=unstable_if action=reinterpret pc=0x000001e5643fb630 method=java.util.Calendar.setTimeInMillis(J)V @ 27
Event: 34.500 Thread 0x000001e576a1a000 Uncommon trap: reason=unstable_if action=reinterpret pc=0x000001e5643fdea8 method=java.util.GregorianCalendar.getWeekNumber(JJ)I @ 48
Event: 34.703 Thread 0x000001e576a1a000 Uncommon trap: reason=unstable_if action=reinterpret pc=0x000001e5643c7508 method=java.awt.image.AreaAveragingScaleFilter.accumPixels(IIIILjava/awt/image/ColorModel;Ljava/lang/Object;II)V @ 4
Event: 47.892 Thread 0x000001e576a14000 Uncommon trap: reason=unstable_if action=reinterpret pc=0x000001e56440bb1c method=ec.edu.intsuperior.vista.House.hora()V @ 162

Classes redefined (0 events):
No events

Internal exceptions (10 events):
Event: 0.181 Thread 0x000001e5627b0800 Exception <a 'java/security/PrivilegedActionException'> (0x00000000ee074d18) thrown at [C:\jenkins\workspace\8-2-build-windows-amd64-cygwin\jdk8u261\295\hotspot\src\share\vm\prims\jvm.cpp, line 1512]
Event: 0.189 Thread 0x000001e5627b0800 Exception <a 'java/io/FileNotFoundException'> (0x00000000ee07ad78) thrown at [C:\jenkins\workspace\8-2-build-windows-amd64-cygwin\jdk8u261\295\hotspot\src\share\vm\prims\jni.cpp, line 710]
Event: 0.243 Thread 0x000001e5627b0800 Exception <a 'java/lang/NoSuchFieldError': method resolution failed> (0x00000000ee14bad0) thrown at [C:\jenkins\workspace\8-2-build-windows-amd64-cygwin\jdk8u261\295\hotspot\src\share\vm\prims\methodHandles.cpp, line 1169]
Event: 0.254 Thread 0x000001e5627b0800 Exception <a 'java/lang/NoSuchFieldError': method resolution failed> (0x00000000ee158ea0) thrown at [C:\jenkins\workspace\8-2-build-windows-amd64-cygwin\jdk8u261\295\hotspot\src\share\vm\prims\methodHandles.cpp, line 1169]
Event: 0.319 Thread 0x000001e5627b0800 Exception <a 'java/io/FileNotFoundException'> (0x00000000ee1f30c0) thrown at [C:\jenkins\workspace\8-2-build-windows-amd64-cygwin\jdk8u261\295\hotspot\src\share\vm\prims\jni.cpp, line 710]
Event: 8.187 Thread 0x000001e57bb9c000 Exception <a 'java/io/FileNotFoundException'> (0x00000000f01b99d8) thrown at [C:\jenkins\workspace\8-2-build-windows-amd64-cygwin\jdk8u261\295\hotspot\src\share\vm\prims\jni.cpp, line 710]
Event: 18.603 Thread 0x000001e57bb9c000 Exception <a 'java/io/FileNotFoundException'> (0x00000000f320e560) thrown at [C:\jenkins\workspace\8-2-build-windows-amd64-cygwin\jdk8u261\295\hotspot\src\share\vm\prims\jni.cpp, line 710]
Event: 18.604 Thread 0x000001e57bb9c000 Exception <a 'java/io/FileNotFoundException'> (0x00000000f321e860) thrown at [C:\jenkins\workspace\8-2-build-windows-amd64-cygwin\jdk8u261\295\hotspot\src\share\vm\prims\jni.cpp, line 710]
Event: 28.937 Thread 0x000001e57bb9c000 Exception <a 'java/io/FileNotFoundException'> (0x00000000f8185500) thrown at [C:\jenkins\workspace\8-2-build-windows-amd64-cygwin\jdk8u261\295\hotspot\src\share\vm\prims\jni.cpp, line 710]
Event: 29.068 Thread 0x000001e57bb9c000 Implicit null exception at 0x000001e5643fe229 to 0x000001e5643fe4da

Events (10 events):
Event: 98.416 Executing VM operation: ParallelGCFailedAllocation
Event: 98.417 Executing VM operation: ParallelGCFailedAllocation done
Event: 98.537 Executing VM operation: ParallelGCFailedAllocation
Event: 98.539 Executing VM operation: ParallelGCFailedAllocation done
Event: 98.652 Executing VM operation: ParallelGCFailedAllocation
Event: 98.654 Executing VM operation: ParallelGCFailedAllocation done
Event: 98.671 loading class gnu/io/SerialPortEvent
Event: 98.671 loading class gnu/io/SerialPortEvent done
Event: 98.672 Executing VM operation: RevokeBias
Event: 98.672 Executing VM operation: RevokeBias done


Dynamic libraries:
0x00007ff773040000 - 0x00007ff773087000 	C:\Program Files\Java\jdk1.8.0_261\bin\java.exe
0x00007ffa6d0b0000 - 0x00007ffa6d2c4000 	C:\WINDOWS\SYSTEM32\ntdll.dll
0x00007ffa6bc30000 - 0x00007ffa6bcf3000 	C:\WINDOWS\System32\KERNEL32.DLL
0x00007ffa6a590000 - 0x00007ffa6a92c000 	C:\WINDOWS\System32\KERNELBASE.dll
0x00007ffa6bd00000 - 0x00007ffa6bdae000 	C:\WINDOWS\System32\ADVAPI32.dll
0x00007ffa6af20000 - 0x00007ffa6afc7000 	C:\WINDOWS\System32\msvcrt.dll
0x00007ffa6b150000 - 0x00007ffa6b1f4000 	C:\WINDOWS\System32\sechost.dll
0x00007ffa6cc10000 - 0x00007ffa6cd25000 	C:\WINDOWS\System32\RPCRT4.dll
0x00007ffa6b3a0000 - 0x00007ffa6b54d000 	C:\WINDOWS\System32\USER32.dll
0x00007ffa6aa60000 - 0x00007ffa6aa86000 	C:\WINDOWS\System32\win32u.dll
0x00007ffa6bc00000 - 0x00007ffa6bc29000 	C:\WINDOWS\System32\GDI32.dll
0x00007ffa6ada0000 - 0x00007ffa6aeb2000 	C:\WINDOWS\System32\gdi32full.dll
0x00007ffa6a4f0000 - 0x00007ffa6a58a000 	C:\WINDOWS\System32\msvcp_win.dll
0x00007ffa6ac80000 - 0x00007ffa6ad91000 	C:\WINDOWS\System32\ucrtbase.dll
0x00007ffa55840000 - 0x00007ffa55ace000 	C:\WINDOWS\WinSxS\amd64_microsoft.windows.common-controls_6595b64144ccf1df_6.0.22621.608_none_a9444ca7c10bb01d\COMCTL32.dll
0x00007ffa6cbd0000 - 0x00007ffa6cc02000 	C:\WINDOWS\System32\IMM32.DLL
0x00007ffa158e0000 - 0x00007ffa158f5000 	C:\Program Files\Java\jdk1.8.0_261\jre\bin\vcruntime140.dll
0x00007ffa2a0b0000 - 0x00007ffa2a14b000 	C:\Program Files\Java\jdk1.8.0_261\jre\bin\msvcp140.dll
0x000000006d690000 - 0x000000006defc000 	C:\Program Files\Java\jdk1.8.0_261\jre\bin\server\jvm.dll
0x00007ffa6b140000 - 0x00007ffa6b148000 	C:\WINDOWS\System32\PSAPI.DLL
0x00007ffa39e90000 - 0x00007ffa39e99000 	C:\WINDOWS\SYSTEM32\WSOCK32.dll
0x00007ffa6cff0000 - 0x00007ffa6d061000 	C:\WINDOWS\System32\WS2_32.dll
0x00007ffa61550000 - 0x00007ffa61584000 	C:\WINDOWS\SYSTEM32\WINMM.dll
0x00007ffa61a60000 - 0x00007ffa61a6a000 	C:\WINDOWS\SYSTEM32\VERSION.dll
0x00007ffa69540000 - 0x00007ffa69558000 	C:\WINDOWS\SYSTEM32\kernel.appcore.dll
0x00007ffa36650000 - 0x00007ffa36660000 	C:\Program Files\Java\jdk1.8.0_261\jre\bin\verify.dll
0x00007ffa15870000 - 0x00007ffa1589b000 	C:\Program Files\Java\jdk1.8.0_261\jre\bin\java.dll
0x00007ffa15850000 - 0x00007ffa15868000 	C:\Program Files\Java\jdk1.8.0_261\jre\bin\zip.dll
0x00007ffa6bdb0000 - 0x00007ffa6c59f000 	C:\WINDOWS\System32\SHELL32.dll
0x00007ffa68510000 - 0x00007ffa68dd8000 	C:\WINDOWS\SYSTEM32\windows.storage.dll
0x00007ffa6b870000 - 0x00007ffa6bbfa000 	C:\WINDOWS\System32\combase.dll
0x00007ffa683d0000 - 0x00007ffa6850e000 	C:\WINDOWS\SYSTEM32\wintypes.dll
0x00007ffa6cd30000 - 0x00007ffa6ce21000 	C:\WINDOWS\System32\SHCORE.dll
0x00007ffa6aec0000 - 0x00007ffa6af1e000 	C:\WINDOWS\System32\shlwapi.dll
0x00007ffa6a420000 - 0x00007ffa6a441000 	C:\WINDOWS\SYSTEM32\profapi.dll
0x00007ffa14be0000 - 0x00007ffa14d74000 	C:\Program Files\Java\jdk1.8.0_261\jre\bin\awt.dll
0x00007ffa6b060000 - 0x00007ffa6b137000 	C:\WINDOWS\System32\OLEAUT32.dll
0x00007ffa67640000 - 0x00007ffa676d7000 	C:\WINDOWS\SYSTEM32\apphelp.dll
0x00007ffa67c50000 - 0x00007ffa67c7b000 	C:\WINDOWS\system32\DWMAPI.DLL
0x00007ffa67820000 - 0x00007ffa678cb000 	C:\WINDOWS\system32\uxtheme.dll
0x00007ffa293d0000 - 0x00007ffa294d0000 	C:\WINDOWS\system32\opengl32.dll
0x00007ffa287c0000 - 0x00007ffa287ed000 	C:\WINDOWS\SYSTEM32\GLU32.dll
0x00007ffa67920000 - 0x00007ffa67956000 	C:\WINDOWS\SYSTEM32\dxcore.dll
0x00007ffa6b5d0000 - 0x00007ffa6b6ee000 	C:\WINDOWS\System32\MSCTF.dll
0x00007ffa6b200000 - 0x00007ffa6b39c000 	C:\WINDOWS\System32\ole32.dll
0x00007ffa6aa90000 - 0x00007ffa6ab0b000 	C:\WINDOWS\System32\bcryptPrimitives.dll
0x00007ffa1b9f0000 - 0x00007ffa1bb99000 	C:\WINDOWS\system32\d3d9.dll
0x00007ffa61760000 - 0x00007ffa6191a000 	C:\WINDOWS\System32\DriverStore\FileRepository\u0378899.inf_amd64_1040d414383f3dc2\B377184\aticfx64.dll
0x00007ffa1d8b0000 - 0x00007ffa1d8e4000 	C:\WINDOWS\System32\DriverStore\FileRepository\u0378899.inf_amd64_1040d414383f3dc2\B377184\atiu9p64.dll
0x00007ffa1a1f0000 - 0x00007ffa1af46000 	C:\WINDOWS\System32\DriverStore\FileRepository\u0378899.inf_amd64_1040d414383f3dc2\B377184\atiumd64.dll
0x00007ffa68010000 - 0x00007ffa6823e000 	C:\WINDOWS\SYSTEM32\dbghelp.dll
0x00007ffa4f0f0000 - 0x00007ffa4f122000 	C:\WINDOWS\SYSTEM32\dbgcore.DLL
0x000000006e8a0000 - 0x000000006f75f000 	C:\WINDOWS\System32\DriverStore\FileRepository\u0378899.inf_amd64_1040d414383f3dc2\B377184\atiumd6a.dll
0x00007ffa6c670000 - 0x00007ffa6caea000 	C:\WINDOWS\System32\SETUPAPI.dll
0x00007ffa6a3c0000 - 0x00007ffa6a40d000 	C:\WINDOWS\SYSTEM32\POWRPROF.dll
0x00007ffa6a3a0000 - 0x00007ffa6a3b3000 	C:\WINDOWS\SYSTEM32\UMPDC.dll
0x00007ffa5f240000 - 0x00007ffa5f270000 	C:\WINDOWS\SYSTEM32\amdihk64.dll
0x00007ffa65110000 - 0x00007ffa65159000 	C:\WINDOWS\SYSTEM32\directxdatabasehelper.dll
0x00007ffa58620000 - 0x00007ffa5863c000 	C:\Program Files\Java\jdk1.8.0_261\jre\bin\net.dll
0x00007ffa699b0000 - 0x00007ffa69a19000 	C:\WINDOWS\system32\mswsock.dll
0x00007ffa2d1b0000 - 0x00007ffa2d1f9000 	C:\Program Files\Java\jdk1.8.0_261\jre\bin\fontmanager.dll
0x00007ffa6cb20000 - 0x00007ffa6cbd0000 	C:\WINDOWS\System32\clbcatq.dll
0x00007ffa65e40000 - 0x00007ffa65ff0000 	C:\WINDOWS\SYSTEM32\WindowsCodecs.dll
0x00007ffa51ac0000 - 0x00007ffa51b1e000 	C:\WINDOWS\system32\dataexchange.dll
0x00007ffa62f90000 - 0x00007ffa631fa000 	C:\WINDOWS\system32\twinapi.appcore.dll
0x00007ffa39f70000 - 0x00007ffa39f83000 	C:\Program Files\Java\jdk1.8.0_261\jre\bin\nio.dll
0x00007ffa2a060000 - 0x00007ffa2a0a3000 	C:\Program Files\Java\jdk1.8.0_261\jre\bin\t2k.dll
0x00007ffa589c0000 - 0x00007ffa58aed000 	C:\WINDOWS\SYSTEM32\textinputframework.dll
0x00007ffa67250000 - 0x00007ffa67383000 	C:\WINDOWS\SYSTEM32\CoreMessaging.dll
0x00007ffa64320000 - 0x00007ffa6468c000 	C:\WINDOWS\SYSTEM32\CoreUIComponents.dll
0x00007ffa69c20000 - 0x00007ffa69c2c000 	C:\WINDOWS\SYSTEM32\CRYPTBASE.DLL
0x0000000180000000 - 0x0000000180025000 	C:\JavaRXTX\x64\rxtxSerial.dll

VM Arguments:
jvm_args: -Dfile.encoding=UTF-8 
java_command: ec.edu.intsuperior.controlador.MAIN
java_class_path (initial): C:\Program Files\NetBeans 8.0.2\ide\modules\ext\mysql-connector-java-5.1.23-bin.jar;C:\Program Files (x86)\MySQL\Connector J 8.0\mysql-connector-j-8.0.31.jar;C:\Program Files\NetBeans 8.0.2\java\modules\ext\AbsoluteLayout.jar;C:\Users\quish\Desktop\INT\3B\PanamaHitek_Arduino.v2.7.0.jar;C:\Users\quish\Documents\NetBeansProjects\ESP8266\build\classes
Launcher Type: SUN_STANDARD

Environment Variables:
JAVA_HOME=C:\Program Files\Java\jdk1.8.0_261
PATH=C:\Program Files (x86)\Common Files\Oracle\Java\javapath;C:\Program Files\Common Files\Oracle\Java\javapath;C:\WINDOWS\system32;C:\WINDOWS;C:\WINDOWS\System32\Wbem;C:\WINDOWS\System32\WindowsPowerShell\v1.0\;C:\WINDOWS\System32\OpenSSH\;C:\Program Files\Java\jdk1.8.0_261\bin;C:\Users\quish\AppData\Local\Microsoft\WindowsApps;
USERNAME=quish
OS=Windows_NT
PROCESSOR_IDENTIFIER=AMD64 Family 23 Model 24 Stepping 1, AuthenticAMD



---------------  S Y S T E M  ---------------

OS: Windows 10.0 , 64 bit Build 22621 (10.0.22621.1194)

CPU:total 2 (initial active 2) (2 cores per cpu, 1 threads per core) family 23 model 24 stepping 1, cmov, cx8, fxsr, mmx, sse, sse2, sse3, ssse3, sse4.1, sse4.2, popcnt, avx, avx2, aes, clmul, mmxext, 3dnowpref, lzcnt, sse4a, tsc, tscinvbit, tscinv, bmi1

Memory: 4k page, physical 3547016k(432876k free), swap 7139032k(1208696k free)

vm_info: Java HotSpot(TM) 64-Bit Server VM (25.261-b12) for windows-amd64 JRE (1.8.0_261-b12), built on Jun 18 2020 06:56:32 by "" with unknown MS VC++:1916

time: Wed Feb 22 19:47:50 2023
timezone: Hora est. Pacífico, Sudamérica
elapsed time: 98 seconds (0d 0h 1m 38s)

