#
# A fatal error has been detected by the Java Runtime Environment:
#
#  EXCEPTION_ACCESS_VIOLATION (0xc0000005) at pc=0x0000000180005b00, pid=7300, tid=0x00000000000018e8
#
# JRE version: Java(TM) SE Runtime Environment (8.0_261-b12) (build 1.8.0_261-b12)
# Java VM: Java HotSpot(TM) 64-Bit Server VM (25.261-b12 mixed mode windows-amd64 compressed oops)
# Problematic frame:
# C  [rxtxSerial.dll+0x5b00]
#
# Failed to write core dump. Minidumps are not enabled by default on client versions of Windows
#
# If you would like to submit a bug report, please visit:
#   http://bugreport.java.com/bugreport/crash.jsp
# The crash happened outside the Java Virtual Machine in native code.
# See problematic frame for where to report the bug.
#

---------------  T H R E A D  ---------------

Current thread (0x000001efbe2f0000):  JavaThread "Thread-3" [_thread_in_native, id=6376, stack(0x000000b38ce00000,0x000000b38cf00000)]

siginfo: ExceptionCode=0xc0000005, reading address 0xffffffff8cefed98

Registers:
RAX=0x0000000000000001, RBX=0x0000000000000000, RCX=0x000000018001d4d5, RDX=0xfffffffffffff665
RSP=0x000000b38cefe360, RBP=0x00000000ffffffff, RSI=0x0000000000000000, RDI=0x000001efbe2f01f8
R8 =0x0000000000000002, R9 =0xfffffffffffff63c, R10=0x0000000000000380, R11=0x8101010101010100
R12=0xffffffff8cefed90, R13=0x0000000000000001, R14=0x000000b38cefe4f8, R15=0x0000000000000000
RIP=0x0000000180005b00, EFLAGS=0x0000000000010202

Top of Stack: (sp=0x000000b38cefe360)
0x000000b38cefe360:   0000000000000000 ffffffff8cefed90
0x000000b38cefe370:   0000000000000000 0000000000000000
0x000000b38cefe380:   000001efbe2f0000 000000b38cefe4f8
0x000000b38cefe390:   000001efbf9b2c20 000000b38cefe4f8
0x000000b38cefe3a0:   ffffffffffffffff 0000000000000001
0x000000b38cefe3b0:   000001efbdf7dd08 0000000180005f3f
0x000000b38cefe3c0:   000001efbe2f01f8 000001efbdf7dd08
0x000000b38cefe3d0:   0000000000000001 000000b38cefe3f0
0x000000b38cefe3e0:   000000b300000001 00000000ffffffff
0x000000b38cefe3f0:   000001efbf9b2c28 000000b38cefe4f8
0x000000b38cefe400:   000001efbf9b2c28 000001efbe2f0000
0x000000b38cefe410:   000001efbf9b2c28 000001efbe2f0000
0x000000b38cefe420:   0000000000000004 0000000000000002
0x000000b38cefe430:   000001efbf9b2c28 000001efa6589766
0x000000b38cefe440:   000046fd429a4a14 000001efbf9b2c28
0x000000b38cefe450:   0000000000000000 0000000000000004 

Instructions: (pc=0x0000000180005b00)
0x0000000180005ae0:   15 23 7a 01 00 48 8d 48 60 e8 3a 5d 00 00 4c 8b
0x0000000180005af0:   e5 8b ac 24 88 00 00 00 44 8b ac 24 80 00 00 00
0x0000000180005b00:   45 8b 74 24 08 41 89 5c 24 08 41 8b fd 85 ed 78
0x0000000180005b10:   09 ff 15 e9 14 01 00 44 8b f8 45 85 ed 7e 4a 90 


Register to memory mapping:

RAX=0x0000000000000001 is an unknown value
RBX=0x0000000000000000 is an unknown value
RCX=0x000000018001d4d5 is an unknown value
RDX=0xfffffffffffff665 is an unknown value
RSP=0x000000b38cefe360 is pointing into the stack for thread: 0x000001efbe2f0000
RBP=0x00000000ffffffff is an unknown value
RSI=0x0000000000000000 is an unknown value
RDI=0x000001efbe2f01f8 is an unknown value
R8 =0x0000000000000002 is an unknown value
R9 =0xfffffffffffff63c is an unknown value
R10=0x0000000000000380 is an unknown value
R11=0x8101010101010100 is an unknown value
R12=0xffffffff8cefed90 is an unknown value
R13=0x0000000000000001 is an unknown value
R14=0x000000b38cefe4f8 is pointing into the stack for thread: 0x000001efbe2f0000
R15=0x0000000000000000 is an unknown value


Stack: [0x000000b38ce00000,0x000000b38cf00000],  sp=0x000000b38cefe360,  free space=1016k
Native frames: (J=compiled Java code, j=interpreted, Vv=VM code, C=native code)
C  [rxtxSerial.dll+0x5b00]
C  [rxtxSerial.dll+0x5f3f]
C  0x000001efa658990e

Java frames: (J=compiled Java code, j=interpreted, Vv=VM code)
j  gnu.io.RXTXPort.readByte()I+0
j  gnu.io.RXTXPort$SerialInputStream.read()I+81
j  panamahitek.Arduino.PanamaHitek_Arduino.receiveData()I+74
j  panamahitek.Arduino.PanamaHitek_Arduino.serialRead()V+8
j  panamahitek.Arduino.PanamaHitek_Arduino.printMessage()Ljava/lang/String;+11
j  ec.edu.intsuperior.vista.House$1.serialEvent(Lgnu/io/SerialPortEvent;)V+15
j  gnu.io.RXTXPort.sendEvent(IZ)Z+382
v  ~StubRoutines::call_stub
j  gnu.io.RXTXPort.eventLoop()V+0
j  gnu.io.RXTXPort$MonitorThread.run()V+12
v  ~StubRoutines::call_stub

---------------  P R O C E S S  ---------------

Java Threads: ( => current thread )
  0x000001efbe2ee800 JavaThread "Image Fetcher 0" daemon [_thread_blocked, id=10324, stack(0x000000b38b000000,0x000000b38b100000)]
=>0x000001efbe2f0000 JavaThread "Thread-3" [_thread_in_native, id=6376, stack(0x000000b38ce00000,0x000000b38cf00000)]
  0x000001efbe2b6800 JavaThread "Thread-2" [_thread_in_Java, id=9300, stack(0x000000b38cf00000,0x000000b38d000000)]
  0x000001efbe041800 JavaThread "TimerQueue" daemon [_thread_blocked, id=7028, stack(0x000000b38cb00000,0x000000b38cc00000)]
  0x000001efbe01d000 JavaThread "D3D Screen Updater" daemon [_thread_blocked, id=10508, stack(0x000000b38ca00000,0x000000b38cb00000)]
  0x000001efa4c95000 JavaThread "DestroyJavaVM" [_thread_blocked, id=9728, stack(0x000000b38b100000,0x000000b38b200000)]
  0x000001efbdf69000 JavaThread "AWT-EventQueue-0" [_thread_blocked, id=1584, stack(0x000000b38c800000,0x000000b38c900000)]
  0x000001efbdd35000 JavaThread "Abandoned connection cleanup thread" daemon [_thread_blocked, id=1852, stack(0x000000b38c700000,0x000000b38c800000)]
  0x000001efbdd04000 JavaThread "mysql-cj-abandoned-connection-cleanup" daemon [_thread_blocked, id=7544, stack(0x000000b38c600000,0x000000b38c700000)]
  0x000001efb918e800 JavaThread "AWT-Windows" daemon [_thread_in_native, id=5572, stack(0x000000b38bf00000,0x000000b38c000000)]
  0x000001efb9189000 JavaThread "AWT-Shutdown" [_thread_blocked, id=7324, stack(0x000000b38be00000,0x000000b38bf00000)]
  0x000001efb9185000 JavaThread "Java2D Disposer" daemon [_thread_blocked, id=7156, stack(0x000000b38bd00000,0x000000b38be00000)]
  0x000001efb873f800 JavaThread "Service Thread" daemon [_thread_blocked, id=12060, stack(0x000000b38bb00000,0x000000b38bc00000)]
  0x000001efb86d7800 JavaThread "C1 CompilerThread1" daemon [_thread_blocked, id=9896, stack(0x000000b38ba00000,0x000000b38bb00000)]
  0x000001efb86d3800 JavaThread "C2 CompilerThread0" daemon [_thread_blocked, id=7288, stack(0x000000b38b900000,0x000000b38ba00000)]
  0x000001efb86d0000 JavaThread "Attach Listener" daemon [_thread_blocked, id=10520, stack(0x000000b38b800000,0x000000b38b900000)]
  0x000001efb86cd000 JavaThread "Signal Dispatcher" daemon [_thread_blocked, id=7308, stack(0x000000b38b700000,0x000000b38b800000)]
  0x000001efb81e1800 JavaThread "Finalizer" daemon [_thread_blocked, id=13096, stack(0x000000b38b600000,0x000000b38b700000)]
  0x000001efb86b4000 JavaThread "Reference Handler" daemon [_thread_blocked, id=8844, stack(0x000000b38b500000,0x000000b38b600000)]

Other Threads:
  0x000001efb8692000 VMThread [stack: 0x000000b38b400000,0x000000b38b500000] [id=7648]
  0x000001efb875c000 WatcherThread [stack: 0x000000b38bc00000,0x000000b38bd00000] [id=8708]

VM state:not at safepoint (normal execution)

VM Mutex/Monitor currently owned by a thread: None

heap address: 0x00000000c9e00000, size: 866 MB, Compressed Oops mode: 32-bit
Narrow klass base: 0x0000000000000000, Narrow klass shift: 3
Compressed class space size: 1073741824 Address: 0x0000000100000000

Heap:
 PSYoungGen      total 258560K, used 160883K [0x00000000edf80000, 0x0000000100000000, 0x0000000100000000)
  eden space 258048K, 62% used [0x00000000edf80000,0x00000000f7c94e20,0x00000000fdb80000)
  from space 512K, 6% used [0x00000000fff00000,0x00000000fff08000,0x00000000fff80000)
  to   space 512K, 0% used [0x00000000fff80000,0x00000000fff80000,0x0000000100000000)
 ParOldGen       total 38400K, used 12407K [0x00000000c9e00000, 0x00000000cc380000, 0x00000000edf80000)
  object space 38400K, 32% used [0x00000000c9e00000,0x00000000caa1df88,0x00000000cc380000)
 Metaspace       used 15091K, capacity 15370K, committed 15744K, reserved 1062912K
  class space    used 1726K, capacity 1811K, committed 1920K, reserved 1048576K

Card table byte_map: [0x000001efb5930000,0x000001efb5af0000] byte_map_base: 0x000001efb52e1000

Marking Bits: (ParMarkBitMap*) 0x00000000625d4fb0
 Begin Bits: [0x000001efb5c20000, 0x000001efb69a8000)
 End Bits:   [0x000001efb69a8000, 0x000001efb7730000)

Polling page: 0x000001efa4c00000

CodeCache: size=245760Kb used=5053Kb max_used=5184Kb free=240706Kb
 bounds [0x000001efa6570000, 0x000001efa6a90000, 0x000001efb5570000]
 total_blobs=2117 nmethods=1557 adapters=473
 compilation: enabled

Compilation events (10 events):
Event: 81.715 Thread 0x000001efb86d7800 1717       3       java.awt.Container::invalidate (29 bytes)
Event: 81.716 Thread 0x000001efb86d7800 nmethod 1717 0x000001efa69473d0 code [0x000001efa6947560, 0x000001efa6947a20]
Event: 81.716 Thread 0x000001efb86d7800 1719       3       java.awt.Container::invalidateParent (18 bytes)
Event: 81.716 Thread 0x000001efb86d7800 nmethod 1719 0x000001efa6919710 code [0x000001efa69198a0, 0x000001efa6919df0]
Event: 81.716 Thread 0x000001efb86d7800 1718   !   3       java.awt.Component::invalidate (63 bytes)
Event: 81.717 Thread 0x000001efb86d7800 nmethod 1718 0x000001efa6918c90 code [0x000001efa6918e20, 0x000001efa69195b0]
Event: 81.717 Thread 0x000001efb86d7800 1720   !   3       javax.swing.JComponent::fetchRectangle (58 bytes)
Event: 81.717 Thread 0x000001efb86d7800 nmethod 1720 0x000001efa6973690 code [0x000001efa6973840, 0x000001efa6973fe0]
Event: 81.717 Thread 0x000001efb86d7800 1721   !   3       javax.swing.JComponent::recycleRectangle (27 bytes)
Event: 81.718 Thread 0x000001efb86d7800 nmethod 1721 0x000001efa6973010 code [0x000001efa6973180, 0x000001efa6973550]

GC Heap History (10 events):
Event: 81.648 GC heap before
{Heap before GC invocations=343 (full 0):
 PSYoungGen      total 206848K, used 206368K [0x00000000edf80000, 0x0000000100000000, 0x0000000100000000)
  eden space 206336K, 100% used [0x00000000edf80000,0x00000000fa900000,0x00000000fa900000)
  from space 512K, 6% used [0x00000000fff80000,0x00000000fff88000,0x0000000100000000)
  to   space 512K, 0% used [0x00000000fff00000,0x00000000fff00000,0x00000000fff80000)
 ParOldGen       total 38400K, used 12391K [0x00000000c9e00000, 0x00000000cc380000, 0x00000000edf80000)
  object space 38400K, 32% used [0x00000000c9e00000,0x00000000caa19f88,0x00000000cc380000)
 Metaspace       used 15087K, capacity 15370K, committed 15744K, reserved 1062912K
  class space    used 1726K, capacity 1811K, committed 1920K, reserved 1048576K
Event: 81.649 GC heap after
Heap after GC invocations=343 (full 0):
 PSYoungGen      total 248320K, used 64K [0x00000000edf80000, 0x0000000100000000, 0x0000000100000000)
  eden space 247808K, 0% used [0x00000000edf80000,0x00000000edf80000,0x00000000fd180000)
  from space 512K, 12% used [0x00000000fff00000,0x00000000fff10000,0x00000000fff80000)
  to   space 512K, 0% used [0x00000000fff80000,0x00000000fff80000,0x0000000100000000)
 ParOldGen       total 38400K, used 12391K [0x00000000c9e00000, 0x00000000cc380000, 0x00000000edf80000)
  object space 38400K, 32% used [0x00000000c9e00000,0x00000000caa19f88,0x00000000cc380000)
 Metaspace       used 15087K, capacity 15370K, committed 15744K, reserved 1062912K
  class space    used 1726K, capacity 1811K, committed 1920K, reserved 1048576K
}
Event: 81.778 GC heap before
{Heap before GC invocations=344 (full 0):
 PSYoungGen      total 248320K, used 247872K [0x00000000edf80000, 0x0000000100000000, 0x0000000100000000)
  eden space 247808K, 100% used [0x00000000edf80000,0x00000000fd180000,0x00000000fd180000)
  from space 512K, 12% used [0x00000000fff00000,0x00000000fff10000,0x00000000fff80000)
  to   space 512K, 0% used [0x00000000fff80000,0x00000000fff80000,0x0000000100000000)
 ParOldGen       total 38400K, used 12391K [0x00000000c9e00000, 0x00000000cc380000, 0x00000000edf80000)
  object space 38400K, 32% used [0x00000000c9e00000,0x00000000caa19f88,0x00000000cc380000)
 Metaspace       used 15089K, capacity 15370K, committed 15744K, reserved 1062912K
  class space    used 1726K, capacity 1811K, committed 1920K, reserved 1048576K
Event: 81.779 GC heap after
Heap after GC invocations=344 (full 0):
 PSYoungGen      total 237056K, used 64K [0x00000000edf80000, 0x0000000100000000, 0x0000000100000000)
  eden space 236544K, 0% used [0x00000000edf80000,0x00000000edf80000,0x00000000fc680000)
  from space 512K, 12% used [0x00000000fff80000,0x00000000fff90000,0x0000000100000000)
  to   space 512K, 0% used [0x00000000fff00000,0x00000000fff00000,0x00000000fff80000)
 ParOldGen       total 38400K, used 12391K [0x00000000c9e00000, 0x00000000cc380000, 0x00000000edf80000)
  object space 38400K, 32% used [0x00000000c9e00000,0x00000000caa19f88,0x00000000cc380000)
 Metaspace       used 15089K, capacity 15370K, committed 15744K, reserved 1062912K
  class space    used 1726K, capacity 1811K, committed 1920K, reserved 1048576K
}
Event: 81.900 GC heap before
{Heap before GC invocations=345 (full 0):
 PSYoungGen      total 237056K, used 236608K [0x00000000edf80000, 0x0000000100000000, 0x0000000100000000)
  eden space 236544K, 100% used [0x00000000edf80000,0x00000000fc680000,0x00000000fc680000)
  from space 512K, 12% used [0x00000000fff80000,0x00000000fff90000,0x0000000100000000)
  to   space 512K, 0% used [0x00000000fff00000,0x00000000fff00000,0x00000000fff80000)
 ParOldGen       total 38400K, used 12391K [0x00000000c9e00000, 0x00000000cc380000, 0x00000000edf80000)
  object space 38400K, 32% used [0x00000000c9e00000,0x00000000caa19f88,0x00000000cc380000)
 Metaspace       used 15089K, capacity 15370K, committed 15744K, reserved 1062912K
  class space    used 1726K, capacity 1811K, committed 1920K, reserved 1048576K
Event: 81.902 GC heap after
Heap after GC invocations=345 (full 0):
 PSYoungGen      total 284672K, used 32K [0x00000000edf80000, 0x0000000100000000, 0x0000000100000000)
  eden space 284160K, 0% used [0x00000000edf80000,0x00000000edf80000,0x00000000ff500000)
  from space 512K, 6% used [0x00000000fff00000,0x00000000fff08000,0x00000000fff80000)
  to   space 512K, 0% used [0x00000000fff80000,0x00000000fff80000,0x0000000100000000)
 ParOldGen       total 38400K, used 12399K [0x00000000c9e00000, 0x00000000cc380000, 0x00000000edf80000)
  object space 38400K, 32% used [0x00000000c9e00000,0x00000000caa1bf88,0x00000000cc380000)
 Metaspace       used 15089K, capacity 15370K, committed 15744K, reserved 1062912K
  class space    used 1726K, capacity 1811K, committed 1920K, reserved 1048576K
}
Event: 82.047 GC heap before
{Heap before GC invocations=346 (full 0):
 PSYoungGen      total 284672K, used 284192K [0x00000000edf80000, 0x0000000100000000, 0x0000000100000000)
  eden space 284160K, 100% used [0x00000000edf80000,0x00000000ff500000,0x00000000ff500000)
  from space 512K, 6% used [0x00000000fff00000,0x00000000fff08000,0x00000000fff80000)
  to   space 512K, 0% used [0x00000000fff80000,0x00000000fff80000,0x0000000100000000)
 ParOldGen       total 38400K, used 12399K [0x00000000c9e00000, 0x00000000cc380000, 0x00000000edf80000)
  object space 38400K, 32% used [0x00000000c9e00000,0x00000000caa1bf88,0x00000000cc380000)
 Metaspace       used 15089K, capacity 15370K, committed 15744K, reserved 1062912K
  class space    used 1726K, capacity 1811K, committed 1920K, reserved 1048576K
Event: 82.048 GC heap after
Heap after GC invocations=346 (full 0):
 PSYoungGen      total 271360K, used 32K [0x00000000edf80000, 0x0000000100000000, 0x0000000100000000)
  eden space 270848K, 0% used [0x00000000edf80000,0x00000000edf80000,0x00000000fe800000)
  from space 512K, 6% used [0x00000000fff80000,0x00000000fff88000,0x0000000100000000)
  to   space 512K, 0% used [0x00000000fff00000,0x00000000fff00000,0x00000000fff80000)
 ParOldGen       total 38400K, used 12407K [0x00000000c9e00000, 0x00000000cc380000, 0x00000000edf80000)
  object space 38400K, 32% used [0x00000000c9e00000,0x00000000caa1df88,0x00000000cc380000)
 Metaspace       used 15089K, capacity 15370K, committed 15744K, reserved 1062912K
  class space    used 1726K, capacity 1811K, committed 1920K, reserved 1048576K
}
Event: 82.187 GC heap before
{Heap before GC invocations=347 (full 0):
 PSYoungGen      total 271360K, used 270880K [0x00000000edf80000, 0x0000000100000000, 0x0000000100000000)
  eden space 270848K, 100% used [0x00000000edf80000,0x00000000fe800000,0x00000000fe800000)
  from space 512K, 6% used [0x00000000fff80000,0x00000000fff88000,0x0000000100000000)
  to   space 512K, 0% used [0x00000000fff00000,0x00000000fff00000,0x00000000fff80000)
 ParOldGen       total 38400K, used 12407K [0x00000000c9e00000, 0x00000000cc380000, 0x00000000edf80000)
  object space 38400K, 32% used [0x00000000c9e00000,0x00000000caa1df88,0x00000000cc380000)
 Metaspace       used 15089K, capacity 15370K, committed 15744K, reserved 1062912K
  class space    used 1726K, capacity 1811K, committed 1920K, reserved 1048576K
Event: 82.188 GC heap after
Heap after GC invocations=347 (full 0):
 PSYoungGen      total 258560K, used 32K [0x00000000edf80000, 0x0000000100000000, 0x0000000100000000)
  eden space 258048K, 0% used [0x00000000edf80000,0x00000000edf80000,0x00000000fdb80000)
  from space 512K, 6% used [0x00000000fff00000,0x00000000fff08000,0x00000000fff80000)
  to   space 512K, 0% used [0x00000000fff80000,0x00000000fff80000,0x0000000100000000)
 ParOldGen       total 38400K, used 12407K [0x00000000c9e00000, 0x00000000cc380000, 0x00000000edf80000)
  object space 38400K, 32% used [0x00000000c9e00000,0x00000000caa1df88,0x00000000cc380000)
 Metaspace       used 15089K, capacity 15370K, committed 15744K, reserved 1062912K
  class space    used 1726K, capacity 1811K, committed 1920K, reserved 1048576K
}

Deoptimization events (10 events):
Event: 57.125 Thread 0x000001efbdf69000 Uncommon trap: reason=unstable_if action=reinterpret pc=0x000001efa66b5424 method=java.awt.Component.firePropertyChange(Ljava/lang/String;Ljava/lang/Object;Ljava/lang/Object;)V @ 38
Event: 66.325 Thread 0x000001efbe2ec000 Uncommon trap: reason=unstable_if action=reinterpret pc=0x000001efa669a650 method=javax.swing.JLabel.setText(Ljava/lang/String;)V @ 95
Event: 67.243 Thread 0x000001efbe2f0800 Uncommon trap: reason=unstable_if action=reinterpret pc=0x000001efa699afd8 method=java.util.GregorianCalendar.getWeekNumber(JJ)I @ 48
Event: 67.243 Thread 0x000001efbe2f0800 Uncommon trap: reason=unstable_if action=reinterpret pc=0x000001efa6671924 method=sun.util.calendar.BaseCalendar.getFixedDate(IIILsun/util/calendar/BaseCalendar$Date;)J @ 2
Event: 67.243 Thread 0x000001efbe2f0800 Uncommon trap: reason=predicate action=maybe_recompile pc=0x000001efa66977f4 method=sun.util.calendar.ZoneInfo.getTransitionIndex(JI)I @ 19
Event: 67.248 Thread 0x000001efbe2f0800 Uncommon trap: reason=unstable_if action=reinterpret pc=0x000001efa69a2850 method=java.util.Calendar.setTimeInMillis(J)V @ 27
Event: 67.248 Thread 0x000001efbe2f0800 Uncommon trap: reason=unstable_if action=reinterpret pc=0x000001efa696f1f0 method=sun.util.calendar.ZoneInfo.getOffsets(J[II)I @ 4
Event: 67.248 Thread 0x000001efbe2f0800 Uncommon trap: reason=unstable_if action=reinterpret pc=0x000001efa6694728 method=java.util.GregorianCalendar.getWeekNumber(JJ)I @ 48
Event: 67.305 Thread 0x000001efbe2f0800 Uncommon trap: reason=unstable_if action=reinterpret pc=0x000001efa694816c method=sun.awt.image.ImageRepresentation.setPixels(IIIILjava/awt/image/ColorModel;[BII)V @ 33
Event: 67.344 Thread 0x000001efbe2f0800 Uncommon trap: reason=unstable_if action=reinterpret pc=0x000001efa673a618 method=java.util.Calendar.setTimeInMillis(J)V @ 27

Classes redefined (0 events):
No events

Internal exceptions (10 events):
Event: 0.191 Thread 0x000001efa4c95000 Exception <a 'java/io/FileNotFoundException'> (0x00000000ee07ac68) thrown at [C:\jenkins\workspace\8-2-build-windows-amd64-cygwin\jdk8u261\295\hotspot\src\share\vm\prims\jni.cpp, line 710]
Event: 0.245 Thread 0x000001efa4c95000 Exception <a 'java/lang/NoSuchFieldError': method resolution failed> (0x00000000ee14b9c8) thrown at [C:\jenkins\workspace\8-2-build-windows-amd64-cygwin\jdk8u261\295\hotspot\src\share\vm\prims\methodHandles.cpp, line 1169]
Event: 0.257 Thread 0x000001efa4c95000 Exception <a 'java/lang/NoSuchFieldError': method resolution failed> (0x00000000ee158d98) thrown at [C:\jenkins\workspace\8-2-build-windows-amd64-cygwin\jdk8u261\295\hotspot\src\share\vm\prims\methodHandles.cpp, line 1169]
Event: 0.325 Thread 0x000001efa4c95000 Exception <a 'java/io/FileNotFoundException'> (0x00000000ee1f3390) thrown at [C:\jenkins\workspace\8-2-build-windows-amd64-cygwin\jdk8u261\295\hotspot\src\share\vm\prims\jni.cpp, line 710]
Event: 36.250 Thread 0x000001efbdf69000 Exception <a 'java/io/FileNotFoundException'> (0x00000000f073dd90) thrown at [C:\jenkins\workspace\8-2-build-windows-amd64-cygwin\jdk8u261\295\hotspot\src\share\vm\prims\jni.cpp, line 710]
Event: 46.649 Thread 0x000001efbdf69000 Exception <a 'java/io/FileNotFoundException'> (0x00000000f1eb87b0) thrown at [C:\jenkins\workspace\8-2-build-windows-amd64-cygwin\jdk8u261\295\hotspot\src\share\vm\prims\jni.cpp, line 710]
Event: 46.651 Thread 0x000001efbdf69000 Exception <a 'java/io/FileNotFoundException'> (0x00000000f1ec8ab0) thrown at [C:\jenkins\workspace\8-2-build-windows-amd64-cygwin\jdk8u261\295\hotspot\src\share\vm\prims\jni.cpp, line 710]
Event: 56.988 Thread 0x000001efbdf69000 Exception <a 'java/io/FileNotFoundException'> (0x00000000f4141d90) thrown at [C:\jenkins\workspace\8-2-build-windows-amd64-cygwin\jdk8u261\295\hotspot\src\share\vm\prims\jni.cpp, line 710]
Event: 57.125 Thread 0x000001efbdf69000 Implicit null exception at 0x000001efa66b5169 to 0x000001efa66b541a
Event: 67.248 Thread 0x000001efbe2f0800 Implicit null exception at 0x000001efa696efdb to 0x000001efa696f1dd

Events (10 events):
Event: 81.900 Executing VM operation: ParallelGCFailedAllocation
Event: 81.902 Executing VM operation: ParallelGCFailedAllocation done
Event: 82.047 Executing VM operation: ParallelGCFailedAllocation
Event: 82.048 Executing VM operation: ParallelGCFailedAllocation done
Event: 82.187 Executing VM operation: ParallelGCFailedAllocation
Event: 82.188 Executing VM operation: ParallelGCFailedAllocation done
Event: 82.232 loading class gnu/io/SerialPortEvent
Event: 82.232 loading class gnu/io/SerialPortEvent done
Event: 82.233 Executing VM operation: RevokeBias
Event: 82.238 Executing VM operation: RevokeBias done


Dynamic libraries:
0x00007ff711370000 - 0x00007ff7113b7000 	C:\Program Files\Java\jdk1.8.0_261\bin\java.exe
0x00007ffd01e70000 - 0x00007ffd02084000 	C:\WINDOWS\SYSTEM32\ntdll.dll
0x00007ffd00ec0000 - 0x00007ffd00f83000 	C:\WINDOWS\System32\KERNEL32.DLL
0x00007ffcff2b0000 - 0x00007ffcff64c000 	C:\WINDOWS\System32\KERNELBASE.dll
0x00007ffcffeb0000 - 0x00007ffcfff5e000 	C:\WINDOWS\System32\ADVAPI32.dll
0x00007ffcffcf0000 - 0x00007ffcffd97000 	C:\WINDOWS\System32\msvcrt.dll
0x00007ffd01510000 - 0x00007ffd015b4000 	C:\WINDOWS\System32\sechost.dll
0x00007ffd00ca0000 - 0x00007ffd00db5000 	C:\WINDOWS\System32\RPCRT4.dll
0x00007ffd00080000 - 0x00007ffd0022d000 	C:\WINDOWS\System32\USER32.dll
0x00007ffcff650000 - 0x00007ffcff676000 	C:\WINDOWS\System32\win32u.dll
0x00007ffd01b20000 - 0x00007ffd01b49000 	C:\WINDOWS\System32\GDI32.dll
0x00007ffcffa40000 - 0x00007ffcffb52000 	C:\WINDOWS\System32\gdi32full.dll
0x00007ffcffb60000 - 0x00007ffcffbfa000 	C:\WINDOWS\System32\msvcp_win.dll
0x00007ffcff680000 - 0x00007ffcff791000 	C:\WINDOWS\System32\ucrtbase.dll
0x00007ffceaf80000 - 0x00007ffceb20e000 	C:\WINDOWS\WinSxS\amd64_microsoft.windows.common-controls_6595b64144ccf1df_6.0.22621.608_none_a9444ca7c10bb01d\COMCTL32.dll
0x00007ffd01140000 - 0x00007ffd01172000 	C:\WINDOWS\System32\IMM32.DLL
0x00007ffceac90000 - 0x00007ffceaca5000 	C:\Program Files\Java\jdk1.8.0_261\jre\bin\vcruntime140.dll
0x00007ffce5450000 - 0x00007ffce54eb000 	C:\Program Files\Java\jdk1.8.0_261\jre\bin\msvcp140.dll
0x0000000061de0000 - 0x000000006264c000 	C:\Program Files\Java\jdk1.8.0_261\jre\bin\server\jvm.dll
0x00007ffd01120000 - 0x00007ffd01128000 	C:\WINDOWS\System32\PSAPI.DLL
0x00007ffcf5790000 - 0x00007ffcf5799000 	C:\WINDOWS\SYSTEM32\WSOCK32.dll
0x00007ffd01aa0000 - 0x00007ffd01b11000 	C:\WINDOWS\System32\WS2_32.dll
0x00007ffcf6f90000 - 0x00007ffcf6fc4000 	C:\WINDOWS\SYSTEM32\WINMM.dll
0x00007ffcf73b0000 - 0x00007ffcf73ba000 	C:\WINDOWS\SYSTEM32\VERSION.dll
0x00007ffcfe300000 - 0x00007ffcfe318000 	C:\WINDOWS\SYSTEM32\kernel.appcore.dll
0x00007ffcedba0000 - 0x00007ffcedbb0000 	C:\Program Files\Java\jdk1.8.0_261\jre\bin\verify.dll
0x00007ffcea9f0000 - 0x00007ffceaa1b000 	C:\Program Files\Java\jdk1.8.0_261\jre\bin\java.dll
0x00007ffce9fa0000 - 0x00007ffce9fb8000 	C:\Program Files\Java\jdk1.8.0_261\jre\bin\zip.dll
0x00007ffd00310000 - 0x00007ffd00aff000 	C:\WINDOWS\System32\SHELL32.dll
0x00007ffcfd2d0000 - 0x00007ffcfdb98000 	C:\WINDOWS\SYSTEM32\windows.storage.dll
0x00007ffd01180000 - 0x00007ffd0150a000 	C:\WINDOWS\System32\combase.dll
0x00007ffcfd190000 - 0x00007ffcfd2ce000 	C:\WINDOWS\SYSTEM32\wintypes.dll
0x00007ffd00dc0000 - 0x00007ffd00eb1000 	C:\WINDOWS\System32\SHCORE.dll
0x00007ffcffc90000 - 0x00007ffcffcee000 	C:\WINDOWS\System32\shlwapi.dll
0x00007ffcff1e0000 - 0x00007ffcff201000 	C:\WINDOWS\SYSTEM32\profapi.dll
0x00007ffcc3370000 - 0x00007ffcc3504000 	C:\Program Files\Java\jdk1.8.0_261\jre\bin\awt.dll
0x00007ffd00230000 - 0x00007ffd00307000 	C:\WINDOWS\System32\OLEAUT32.dll
0x00007ffcfc4f0000 - 0x00007ffcfc587000 	C:\WINDOWS\SYSTEM32\apphelp.dll
0x00007ffcfcd10000 - 0x00007ffcfcd3b000 	C:\WINDOWS\system32\DWMAPI.DLL
0x00007ffcfc8f0000 - 0x00007ffcfc99b000 	C:\WINDOWS\system32\uxtheme.dll
0x00007ffcde4b0000 - 0x00007ffcde5b0000 	C:\WINDOWS\system32\opengl32.dll
0x00007ffcf53f0000 - 0x00007ffcf541d000 	C:\WINDOWS\SYSTEM32\GLU32.dll
0x00007ffcfcbc0000 - 0x00007ffcfcbf6000 	C:\WINDOWS\SYSTEM32\dxcore.dll
0x00007ffd00f90000 - 0x00007ffd010ae000 	C:\WINDOWS\System32\MSCTF.dll
0x00007ffd00b00000 - 0x00007ffd00c9c000 	C:\WINDOWS\System32\ole32.dll
0x00007ffcffc00000 - 0x00007ffcffc7b000 	C:\WINDOWS\System32\bcryptPrimitives.dll
0x00007ffc98c20000 - 0x00007ffc98dc9000 	C:\WINDOWS\system32\d3d9.dll
0x00007ffcf6fd0000 - 0x00007ffcf718a000 	C:\WINDOWS\System32\DriverStore\FileRepository\u0378899.inf_amd64_1040d414383f3dc2\B377184\aticfx64.dll
0x00007ffcb16e0000 - 0x00007ffcb1714000 	C:\WINDOWS\System32\DriverStore\FileRepository\u0378899.inf_amd64_1040d414383f3dc2\B377184\atiu9p64.dll
0x00007ffc97ec0000 - 0x00007ffc98c16000 	C:\WINDOWS\System32\DriverStore\FileRepository\u0378899.inf_amd64_1040d414383f3dc2\B377184\atiumd64.dll
0x00007ffcfc6b0000 - 0x00007ffcfc8de000 	C:\WINDOWS\SYSTEM32\dbghelp.dll
0x00007ffce0f90000 - 0x00007ffce0fc2000 	C:\WINDOWS\SYSTEM32\dbgcore.DLL
0x0000000062ff0000 - 0x0000000063eaf000 	C:\WINDOWS\System32\DriverStore\FileRepository\u0378899.inf_amd64_1040d414383f3dc2\B377184\atiumd6a.dll
0x00007ffd01620000 - 0x00007ffd01a9a000 	C:\WINDOWS\System32\SETUPAPI.dll
0x00007ffcff180000 - 0x00007ffcff1cd000 	C:\WINDOWS\SYSTEM32\POWRPROF.dll
0x00007ffcff160000 - 0x00007ffcff173000 	C:\WINDOWS\SYSTEM32\UMPDC.dll
0x00007ffcf6f20000 - 0x00007ffcf6f50000 	C:\WINDOWS\SYSTEM32\amdihk64.dll
0x00007ffcfa390000 - 0x00007ffcfa3d9000 	C:\WINDOWS\SYSTEM32\directxdatabasehelper.dll
0x00007ffcfbb40000 - 0x00007ffcfbb5c000 	C:\Program Files\Java\jdk1.8.0_261\jre\bin\net.dll
0x00007ffcfe770000 - 0x00007ffcfe7d9000 	C:\WINDOWS\system32\mswsock.dll
0x00007ffceaa20000 - 0x00007ffceaa69000 	C:\Program Files\Java\jdk1.8.0_261\jre\bin\fontmanager.dll
0x00007ffd01d30000 - 0x00007ffd01de0000 	C:\WINDOWS\System32\clbcatq.dll
0x00007ffcfac50000 - 0x00007ffcfae00000 	C:\WINDOWS\SYSTEM32\WindowsCodecs.dll
0x00007ffcddb70000 - 0x00007ffcddbce000 	C:\WINDOWS\system32\dataexchange.dll
0x00007ffcf83b0000 - 0x00007ffcf861a000 	C:\WINDOWS\system32\twinapi.appcore.dll
0x00007ffcf6170000 - 0x00007ffcf6183000 	C:\Program Files\Java\jdk1.8.0_261\jre\bin\nio.dll
0x00007ffcea220000 - 0x00007ffcea263000 	C:\Program Files\Java\jdk1.8.0_261\jre\bin\t2k.dll
0x00007ffcf0da0000 - 0x00007ffcf0ecd000 	C:\WINDOWS\SYSTEM32\textinputframework.dll
0x00007ffcfc0d0000 - 0x00007ffcfc203000 	C:\WINDOWS\SYSTEM32\CoreMessaging.dll
0x00007ffcf9ae0000 - 0x00007ffcf9e4c000 	C:\WINDOWS\SYSTEM32\CoreUIComponents.dll
0x00007ffcfe9e0000 - 0x00007ffcfe9ec000 	C:\WINDOWS\SYSTEM32\CRYPTBASE.DLL
0x0000000180000000 - 0x0000000180025000 	C:\JavaRXTX\x64\rxtxSerial.dll

VM Arguments:
jvm_args: -Dfile.encoding=UTF-8 
java_command: ec.edu.intsuperior.controlador.MAIN
java_class_path (initial): C:\Program Files\NetBeans 8.0.2\ide\modules\ext\mysql-connector-java-5.1.23-bin.jar;C:\Program Files (x86)\MySQL\Connector J 8.0\mysql-connector-j-8.0.31.jar;C:\Program Files\NetBeans 8.0.2\java\modules\ext\AbsoluteLayout.jar;C:\Users\quish\Desktop\PanamaHitek_Arduino.v2.7.0.jar;C:\Users\quish\Documents\NetBeansProjects\ESP8266\build\classes
Launcher Type: SUN_STANDARD

Environment Variables:
JAVA_HOME=C:\Program Files\Java\jdk1.8.0_261
PATH=C:\Program Files (x86)\Common Files\Oracle\Java\javapath;C:\Program Files\Common Files\Oracle\Java\javapath;C:\WINDOWS\system32;C:\WINDOWS;C:\WINDOWS\System32\Wbem;C:\WINDOWS\System32\WindowsPowerShell\v1.0\;C:\WINDOWS\System32\OpenSSH\;C:\Program Files\Java\jdk1.8.0_261\bin;C:\Users\quish\AppData\Local\Microsoft\WindowsApps;
USERNAME=quish
OS=Windows_NT
PROCESSOR_IDENTIFIER=AMD64 Family 23 Model 24 Stepping 1, AuthenticAMD



---------------  S Y S T E M  ---------------

OS: Windows 10.0 , 64 bit Build 22621 (10.0.22621.1194)

CPU:total 2 (initial active 2) (2 cores per cpu, 1 threads per core) family 23 model 24 stepping 1, cmov, cx8, fxsr, mmx, sse, sse2, sse3, ssse3, sse4.1, sse4.2, popcnt, avx, avx2, aes, clmul, mmxext, 3dnowpref, lzcnt, sse4a, tsc, tscinvbit, tscinv, bmi1

Memory: 4k page, physical 3547016k(239640k free), swap 8528872k(1487416k free)

vm_info: Java HotSpot(TM) 64-Bit Server VM (25.261-b12) for windows-amd64 JRE (1.8.0_261-b12), built on Jun 18 2020 06:56:32 by "" with unknown MS VC++:1916

time: Wed Feb 22 11:05:27 2023
timezone: Hora est. Pacífico, Sudamérica
elapsed time: 82 seconds (0d 0h 1m 22s)

